> dimnames(USArrests)
[[1]]
 [1] "Alabama"        "Alaska"         "Arizona"       
 [4] "Arkansas"       "California"     "Colorado"      
 [7] "Connecticut"    "Delaware"       "Florida"       
[10] "Georgia"        "Hawaii"         "Idaho"         
[13] "Illinois"       "Indiana"        "Iowa"          
[16] "Kansas"         "Kentucky"       "Louisiana"     
[19] "Maine"          "Maryland"       "Massachusetts" 
[22] "Michigan"       "Minnesota"      "Mississippi"   
[25] "Missouri"       "Montana"        "Nebraska"      
[28] "Nevada"         "New Hampshire"  "New Jersey"    
[31] "New Mexico"     "New York"       "North Carolina"
[34] "North Dakota"   "Ohio"           "Oklahoma"      
[37] "Oregon"         "Pennsylvania"   "Rhode Island"  
[40] "South Carolina" "South Dakota"   "Tennessee"     
[43] "Texas"          "Utah"           "Vermont"       
[46] "Virginia"       "Washington"     "West Virginia" 
[49] "Wisconsin"      "Wyoming"       

[[2]]
[1] "Murder"   "Assault"  "UrbanPop" "Rape"    

> apply(USArrests,2,mean)
  Murder  Assault UrbanPop     Rape 
   7.788  170.760   65.540   21.232 
> apply(USArrests,2, var)
    Murder    Assault   UrbanPop       Rape 
  18.97047 6945.16571  209.51878   87.72916 
> pca.out=prcomp(USArrests, scale=TRUE)
> pca.out
Standard deviations:
[1] 1.5748783 0.9948694 0.5971291 0.4164494

Rotation:
                PC1        PC2        PC3         PC4
Murder   -0.5358995  0.4181809 -0.3412327  0.64922780
Assault  -0.5831836  0.1879856 -0.2681484 -0.74340748
UrbanPop -0.2781909 -0.8728062 -0.3780158  0.13387773
Rape     -0.5434321 -0.1673186  0.8177779  0.08902432
> names(pca.out)
[1] "sdev"     "rotation" "center"   "scale"    "x"       
> biplot(pca.out, scale=0)
> set.seed(101)
> x=matrix(rnorm(100*2),100,2)
> xmean=matrix(rnorm(8,sd=4),4,2)
> which=sample(1:4,100,replace=TRUE)
> x=x+xmean[which,]
> plot(x,col=which,pch=19)
> km.out=kmeans(x,4,nstart=15)
> km.out
K-means clustering with 4 clusters of sizes 21, 30, 32, 17

Cluster means:
        [,1]       [,2]
1 -3.1068542  1.1213302
2  1.7226318 -0.2584919
3 -5.5818142  3.3684991
4 -0.6148368  4.8861032

Clustering vector:
  [1] 2 3 3 4 1 1 4 3 2 3 2 1 1 3 1 1 2 3 3 2 2 3 1 3 1 1 2 2 3 1 1 4 3 1 3 3 1
 [38] 2 2 3 2 2 3 3 1 3 1 3 4 2 1 2 2 4 3 3 2 2 3 2 1 2 3 4 2 4 3 4 4 2 2 4 3 2
 [75] 3 4 4 2 2 1 2 4 4 3 3 2 3 3 1 2 3 2 4 4 4 2 3 3 1 1

Within cluster sum of squares by cluster:
[1] 30.82790 54.48008 71.98228 21.04952
 (between_SS / total_SS =  87.6 %)

Available components:

[1] "cluster"      "centers"      "totss"        "withinss"     "tot.withinss"
[6] "betweenss"    "size"         "iter"         "ifault"      
> plot(x,col=km.out$cluster,cex=2,pch=1,lwd=2)
> points(x,col=which,pch=19)
> points(x,col=c(4,3,2,1)[which],pch=19)
> hc.complete=hclust(dist(x),method="complete")
> plot(hc.complete)
> hc.single=hclust(dist(x),method="single")
> plot(hc.single)
> hc.average=hclust(dist(x),method="average")
> plot(hc.average)
> hc.cut=cutree(hc.complete,4)
> table(hc.cut,which)
      which
hc.cut  1  2  3  4
     1  0  0 30  0
     2  1 31  0  2
     3 17  0  0  0
     4  0  0  0 19
> table(hc.cut,km.out$cluster)
      
hc.cut  1  2  3  4
     1  0 30  0  0
     2  2  0 32  0
     3  0  0  0 17
     4 19  0  0  0
> plot(hc.complete,labels=which)
> 